<?xml version="1.0" encoding="UTF-8"?>
<!-- Generated by org.testng.reporters.JUnitXMLReporter -->
<testsuite ignored="0" hostname="AGI-LT-2202" failures="0" tests="3" name="Test" time="37.42" errors="0" timestamp="2021-11-06T18:05:57 IST">
  <testcase classname="ArisGlobalB3.Mavenproject1.Demomaven1" name="linkedin" time="7.695"/>
  <testcase classname="ArisGlobalB3.Mavenproject1.Demomaven2" name="linkdin" time="8.73"/>
  <testcase classname="ArisGlobalB3.Mavenproject1.Demomaven3" name="jquery" time="6.211"/>
</testsuite> <!-- Test -->
