<?xml version="1.0" encoding="UTF-8"?>
<!-- Generated by org.testng.reporters.JUnitXMLReporter -->
<testsuite ignored="2" hostname="AGI-LT-2202" failures="0" tests="0" time="0.008" errors="0" timestamp="2021-11-05T17:31:28 IST">
  <testcase classname="ArisGlobalB3.Mavenproject1.Demomaven3" name="linkdin" time="0.0">
    <ignored/>
  </testcase> <!-- linkdin -->
  <testcase classname="ArisGlobalB3.Mavenproject1.Demomaven2" name="linkdin" time="0.0">
    <ignored/>
  </testcase> <!-- linkdin -->
</testsuite>
